{"name":"UH10523","status":"broken","statusDetails":{"known":false,"muted":false,"flaky":false,"message":"Expected condition failed: waiting for visibility of [[ChromeDriver: chrome on WINDOWS (50a87b624720ba87bce4bd3798f44196)] -> xpath: (//div[@id='grdPlayerTransactionLogs']//table//tr/td[@class='ighg_ExpansionColumn']/img//following::td[text()='Player Address - Add Temporary'])[1]] (tried for 10 second(s) with 500 milliseconds interval)\nBuild info: version: '3.14.0', revision: 'aacccce0', time: '2018-08-02T20:19:58.91Z'\nSystem info: host: 'LAPTOP-M5K18UOK', ip: '192.168.29.134', os.name: 'Windows 11', os.arch: 'amd64', os.version: '10.0', java.version: '19.0.2'\nDriver info: org.openqa.selenium.chrome.ChromeDriver\nCapabilities {acceptInsecureCerts: false, browserName: chrome, browserVersion: 112.0.5615.86, chrome: {chromedriverVersion: 111.0.5563.64 (c710e93d5b63..., userDataDir: C:\\Users\\sindh\\AppData\\Loca...}, goog:chromeOptions: {debuggerAddress: localhost:55749}, javascriptEnabled: true, networkConnectionEnabled: false, pageLoadStrategy: normal, platform: WINDOWS, platformName: WINDOWS, proxy: Proxy(), setWindowRect: true, strictFileInteractability: false, timeouts: {implicit: 0, pageLoad: 300000, script: 30000}, unhandledPromptBehavior: dismiss and notify, webauthn:extension:credBlob: true, webauthn:extension:largeBlob: true, webauthn:extension:minPinLength: true, webauthn:extension:prf: true, webauthn:virtualAuthenticators: true}\nSession ID: 50a87b624720ba87bce4bd3798f44196","trace":"org.openqa.selenium.TimeoutException: Expected condition failed: waiting for visibility of [[ChromeDriver: chrome on WINDOWS (50a87b624720ba87bce4bd3798f44196)] -> xpath: (//div[@id='grdPlayerTransactionLogs']//table//tr/td[@class='ighg_ExpansionColumn']/img//following::td[text()='Player Address - Add Temporary'])[1]] (tried for 10 second(s) with 500 milliseconds interval)\nBuild info: version: '3.14.0', revision: 'aacccce0', time: '2018-08-02T20:19:58.91Z'\nSystem info: host: 'LAPTOP-M5K18UOK', ip: '192.168.29.134', os.name: 'Windows 11', os.arch: 'amd64', os.version: '10.0', java.version: '19.0.2'\nDriver info: org.openqa.selenium.chrome.ChromeDriver\nCapabilities {acceptInsecureCerts: false, browserName: chrome, browserVersion: 112.0.5615.86, chrome: {chromedriverVersion: 111.0.5563.64 (c710e93d5b63..., userDataDir: C:\\Users\\sindh\\AppData\\Loca...}, goog:chromeOptions: {debuggerAddress: localhost:55749}, javascriptEnabled: true, networkConnectionEnabled: false, pageLoadStrategy: normal, platform: WINDOWS, platformName: WINDOWS, proxy: Proxy(), setWindowRect: true, strictFileInteractability: false, timeouts: {implicit: 0, pageLoad: 300000, script: 30000}, unhandledPromptBehavior: dismiss and notify, webauthn:extension:credBlob: true, webauthn:extension:largeBlob: true, webauthn:extension:minPinLength: true, webauthn:extension:prf: true, webauthn:virtualAuthenticators: true}\nSession ID: 50a87b624720ba87bce4bd3798f44196\r\n\tat org.openqa.selenium.support.ui.WebDriverWait.timeoutException(WebDriverWait.java:113)\r\n\tat org.openqa.selenium.support.ui.FluentWait.until(FluentWait.java:283)\r\n\tat com.gct.Base.SeleniumWrapper.getWebElement(SeleniumWrapper.java:276)\r\n\tat com.gct.Base.SeleniumWrapper.getWebElement(SeleniumWrapper.java:266)\r\n\tat com.gct.Base.SeleniumWrapper.getTextOfWebelement(SeleniumWrapper.java:234)\r\n\tat com.gct.testSteps.AccountSettingsTestSteps.verifyLogTransaction(AccountSettingsTestSteps.java:167)\r\n\tat testCases.CommPreferences.UH10523TestCase.UH10523(UH10523TestCase.java:28)\r\n\tat java.base/jdk.internal.reflect.DirectMethodHandleAccessor.invoke(DirectMethodHandleAccessor.java:104)\r\n\tat java.base/java.lang.reflect.Method.invoke(Method.java:578)\r\n\tat org.testng.internal.invokers.MethodInvocationHelper.invokeMethod(MethodInvocationHelper.java:139)\r\n\tat org.testng.internal.invokers.TestInvoker.invokeMethod(TestInvoker.java:677)\r\n\tat org.testng.internal.invokers.TestInvoker.invokeTestMethod(TestInvoker.java:221)\r\n\tat org.testng.internal.invokers.MethodRunner.runInSequence(MethodRunner.java:50)\r\n\tat org.testng.internal.invokers.TestInvoker$MethodInvocationAgent.invoke(TestInvoker.java:969)\r\n\tat org.testng.internal.invokers.TestInvoker.invokeTestMethods(TestInvoker.java:194)\r\n\tat org.testng.internal.invokers.TestMethodWorker.invokeTestMethods(TestMethodWorker.java:148)\r\n\tat org.testng.internal.invokers.TestMethodWorker.run(TestMethodWorker.java:128)\r\n\tat java.base/java.util.ArrayList.forEach(ArrayList.java:1511)\r\n\tat org.testng.TestRunner.privateRun(TestRunner.java:829)\r\n\tat org.testng.TestRunner.run(TestRunner.java:602)\r\n\tat org.testng.SuiteRunner.runTest(SuiteRunner.java:437)\r\n\tat org.testng.SuiteRunner.runSequentially(SuiteRunner.java:431)\r\n\tat org.testng.SuiteRunner.privateRun(SuiteRunner.java:391)\r\n\tat org.testng.SuiteRunner.run(SuiteRunner.java:330)\r\n\tat org.testng.SuiteRunnerWorker.runSuite(SuiteRunnerWorker.java:52)\r\n\tat org.testng.SuiteRunnerWorker.run(SuiteRunnerWorker.java:95)\r\n\tat org.testng.TestNG.runSuitesSequentially(TestNG.java:1256)\r\n\tat org.testng.TestNG.runSuitesLocally(TestNG.java:1176)\r\n\tat org.testng.TestNG.runSuites(TestNG.java:1099)\r\n\tat org.testng.TestNG.run(TestNG.java:1067)\r\n\tat com.intellij.rt.testng.IDEARemoteTestNG.run(IDEARemoteTestNG.java:66)\r\n\tat com.intellij.rt.testng.RemoteTestNGStarter.main(RemoteTestNGStarter.java:109)\r\n"},"stage":"finished","description":"Halo | Delete Mobile phone number from Comm Preference  and Validate Player transaction in Halo","steps":[{"name":"Test Step for Search Player ID","status":"passed","stage":"finished","steps":[],"attachments":[],"parameters":[{"name":"playerId","value":"950001041"}],"start":1681927832384,"stop":1681927860785},{"name":"CommPreferences","status":"passed","stage":"finished","steps":[],"attachments":[],"parameters":[],"start":1681927863787,"stop":1681927871623},{"name":"Add Home Mailing Address","status":"passed","stage":"finished","steps":[],"attachments":[],"parameters":[],"start":1681927873631,"stop":1681927933746},{"name":"Verify Player Transaction Log","status":"broken","statusDetails":{"known":false,"muted":false,"flaky":false,"message":"Expected condition failed: waiting for visibility of [[ChromeDriver: chrome on WINDOWS (50a87b624720ba87bce4bd3798f44196)] -> xpath: (//div[@id='grdPlayerTransactionLogs']//table//tr/td[@class='ighg_ExpansionColumn']/img//following::td[text()='Player Address - Add Temporary'])[1]] (tried for 10 second(s) with 500 milliseconds interval)\nBuild info: version: '3.14.0', revision: 'aacccce0', time: '2018-08-02T20:19:58.91Z'\nSystem info: host: 'LAPTOP-M5K18UOK', ip: '192.168.29.134', os.name: 'Windows 11', os.arch: 'amd64', os.version: '10.0', java.version: '19.0.2'\nDriver info: org.openqa.selenium.chrome.ChromeDriver\nCapabilities {acceptInsecureCerts: false, browserName: chrome, browserVersion: 112.0.5615.86, chrome: {chromedriverVersion: 111.0.5563.64 (c710e93d5b63..., userDataDir: C:\\Users\\sindh\\AppData\\Loca...}, goog:chromeOptions: {debuggerAddress: localhost:55749}, javascriptEnabled: true, networkConnectionEnabled: false, pageLoadStrategy: normal, platform: WINDOWS, platformName: WINDOWS, proxy: Proxy(), setWindowRect: true, strictFileInteractability: false, timeouts: {implicit: 0, pageLoad: 300000, script: 30000}, unhandledPromptBehavior: dismiss and notify, webauthn:extension:credBlob: true, webauthn:extension:largeBlob: true, webauthn:extension:minPinLength: true, webauthn:extension:prf: true, webauthn:virtualAuthenticators: true}\nSession ID: 50a87b624720ba87bce4bd3798f44196","trace":"org.openqa.selenium.TimeoutException: Expected condition failed: waiting for visibility of [[ChromeDriver: chrome on WINDOWS (50a87b624720ba87bce4bd3798f44196)] -> xpath: (//div[@id='grdPlayerTransactionLogs']//table//tr/td[@class='ighg_ExpansionColumn']/img//following::td[text()='Player Address - Add Temporary'])[1]] (tried for 10 second(s) with 500 milliseconds interval)\nBuild info: version: '3.14.0', revision: 'aacccce0', time: '2018-08-02T20:19:58.91Z'\nSystem info: host: 'LAPTOP-M5K18UOK', ip: '192.168.29.134', os.name: 'Windows 11', os.arch: 'amd64', os.version: '10.0', java.version: '19.0.2'\nDriver info: org.openqa.selenium.chrome.ChromeDriver\nCapabilities {acceptInsecureCerts: false, browserName: chrome, browserVersion: 112.0.5615.86, chrome: {chromedriverVersion: 111.0.5563.64 (c710e93d5b63..., userDataDir: C:\\Users\\sindh\\AppData\\Loca...}, goog:chromeOptions: {debuggerAddress: localhost:55749}, javascriptEnabled: true, networkConnectionEnabled: false, pageLoadStrategy: normal, platform: WINDOWS, platformName: WINDOWS, proxy: Proxy(), setWindowRect: true, strictFileInteractability: false, timeouts: {implicit: 0, pageLoad: 300000, script: 30000}, unhandledPromptBehavior: dismiss and notify, webauthn:extension:credBlob: true, webauthn:extension:largeBlob: true, webauthn:extension:minPinLength: true, webauthn:extension:prf: true, webauthn:virtualAuthenticators: true}\nSession ID: 50a87b624720ba87bce4bd3798f44196\r\n\tat org.openqa.selenium.support.ui.WebDriverWait.timeoutException(WebDriverWait.java:113)\r\n\tat org.openqa.selenium.support.ui.FluentWait.until(FluentWait.java:283)\r\n\tat com.gct.Base.SeleniumWrapper.getWebElement(SeleniumWrapper.java:276)\r\n\tat com.gct.Base.SeleniumWrapper.getWebElement(SeleniumWrapper.java:266)\r\n\tat com.gct.Base.SeleniumWrapper.getTextOfWebelement(SeleniumWrapper.java:234)\r\n\tat com.gct.testSteps.AccountSettingsTestSteps.verifyLogTransaction(AccountSettingsTestSteps.java:167)\r\n\tat testCases.CommPreferences.UH10523TestCase.UH10523(UH10523TestCase.java:28)\r\n\tat java.base/jdk.internal.reflect.DirectMethodHandleAccessor.invoke(DirectMethodHandleAccessor.java:104)\r\n\tat java.base/java.lang.reflect.Method.invoke(Method.java:578)\r\n\tat org.testng.internal.invokers.MethodInvocationHelper.invokeMethod(MethodInvocationHelper.java:139)\r\n\tat org.testng.internal.invokers.TestInvoker.invokeMethod(TestInvoker.java:677)\r\n\tat org.testng.internal.invokers.TestInvoker.invokeTestMethod(TestInvoker.java:221)\r\n\tat org.testng.internal.invokers.MethodRunner.runInSequence(MethodRunner.java:50)\r\n\tat org.testng.internal.invokers.TestInvoker$MethodInvocationAgent.invoke(TestInvoker.java:969)\r\n\tat org.testng.internal.invokers.TestInvoker.invokeTestMethods(TestInvoker.java:194)\r\n\tat org.testng.internal.invokers.TestMethodWorker.invokeTestMethods(TestMethodWorker.java:148)\r\n\tat org.testng.internal.invokers.TestMethodWorker.run(TestMethodWorker.java:128)\r\n\tat java.base/java.util.ArrayList.forEach(ArrayList.java:1511)\r\n\tat org.testng.TestRunner.privateRun(TestRunner.java:829)\r\n\tat org.testng.TestRunner.run(TestRunner.java:602)\r\n\tat org.testng.SuiteRunner.runTest(SuiteRunner.java:437)\r\n\tat org.testng.SuiteRunner.runSequentially(SuiteRunner.java:431)\r\n\tat org.testng.SuiteRunner.privateRun(SuiteRunner.java:391)\r\n\tat org.testng.SuiteRunner.run(SuiteRunner.java:330)\r\n\tat org.testng.SuiteRunnerWorker.runSuite(SuiteRunnerWorker.java:52)\r\n\tat org.testng.SuiteRunnerWorker.run(SuiteRunnerWorker.java:95)\r\n\tat org.testng.TestNG.runSuitesSequentially(TestNG.java:1256)\r\n\tat org.testng.TestNG.runSuitesLocally(TestNG.java:1176)\r\n\tat org.testng.TestNG.runSuites(TestNG.java:1099)\r\n\tat org.testng.TestNG.run(TestNG.java:1067)\r\n\tat com.intellij.rt.testng.IDEARemoteTestNG.run(IDEARemoteTestNG.java:66)\r\n\tat com.intellij.rt.testng.RemoteTestNGStarter.main(RemoteTestNGStarter.java:109)\r\n"},"stage":"finished","steps":[],"attachments":[],"parameters":[{"name":"expString","value":"Player Address - Add Temporary"},{"name":"locator","value":"By.xpath: (//div[@id='grdPlayerTransactionLogs']//table//tr/td[@class='ighg_ExpansionColumn']/img//following::td[text()='Player Address - Add Temporary'])[1]"}],"start":1681927937782,"stop":1681927971992}],"attachments":[],"parameters":[{"name":"arg0","value":"950001041"}],"start":1681927832383,"stop":1681927971992,"uuid":"a041e6d5-bdff-41db-9b39-10cebb1f2411","historyId":"cc91d7be0930bbcb22a9811d0de02bca","fullName":"testCases.CommPreferences.UH10523TestCase.UH10523","labels":[{"name":"package","value":"testCases.CommPreferences.UH10523TestCase"},{"name":"testClass","value":"testCases.CommPreferences.UH10523TestCase"},{"name":"testMethod","value":"UH10523"},{"name":"parentSuite","value":"Default Suite"},{"name":"suite","value":"Halo_Regression"},{"name":"subSuite","value":"testCases.CommPreferences.UH10523TestCase"},{"name":"host","value":"LAPTOP-M5K18UOK"},{"name":"thread","value":"14924@LAPTOP-M5K18UOK.main(1)"},{"name":"framework","value":"testng"},{"name":"language","value":"java"}],"links":[]}