{"name":"UH16788","status":"failed","statusDetails":{"known":false,"muted":false,"flaky":false,"message":"expected [Locations Visited (Lifetime) : 1] but found [Locations Visited (Lifetime) : 2]","trace":"java.lang.AssertionError: expected [Locations Visited (Lifetime) : 1] but found [Locations Visited (Lifetime) : 2]\r\n\tat org.testng.Assert.fail(Assert.java:110)\r\n\tat org.testng.Assert.failNotEquals(Assert.java:1577)\r\n\tat org.testng.Assert.assertEqualsImpl(Assert.java:149)\r\n\tat org.testng.Assert.assertEquals(Assert.java:131)\r\n\tat org.testng.Assert.assertEquals(Assert.java:655)\r\n\tat org.testng.Assert.assertEquals(Assert.java:665)\r\n\tat com.gct.testSteps.VisitAppeasementTestSteps.ViewAppeasementHistory(VisitAppeasementTestSteps.java:144)\r\n\tat testCases.VisitAppeasement.UH16788TestCase.UH16788(UH16788TestCase.java:21)\r\n\tat java.base/jdk.internal.reflect.DirectMethodHandleAccessor.invoke(DirectMethodHandleAccessor.java:104)\r\n\tat java.base/java.lang.reflect.Method.invoke(Method.java:578)\r\n\tat org.testng.internal.invokers.MethodInvocationHelper.invokeMethod(MethodInvocationHelper.java:139)\r\n\tat org.testng.internal.invokers.TestInvoker.invokeMethod(TestInvoker.java:677)\r\n\tat org.testng.internal.invokers.TestInvoker.invokeTestMethod(TestInvoker.java:221)\r\n\tat org.testng.internal.invokers.MethodRunner.runInSequence(MethodRunner.java:50)\r\n\tat org.testng.internal.invokers.TestInvoker$MethodInvocationAgent.invoke(TestInvoker.java:969)\r\n\tat org.testng.internal.invokers.TestInvoker.invokeTestMethods(TestInvoker.java:194)\r\n\tat org.testng.internal.invokers.TestMethodWorker.invokeTestMethods(TestMethodWorker.java:148)\r\n\tat org.testng.internal.invokers.TestMethodWorker.run(TestMethodWorker.java:128)\r\n\tat java.base/java.util.ArrayList.forEach(ArrayList.java:1511)\r\n\tat org.testng.TestRunner.privateRun(TestRunner.java:829)\r\n\tat org.testng.TestRunner.run(TestRunner.java:602)\r\n\tat org.testng.SuiteRunner.runTest(SuiteRunner.java:437)\r\n\tat org.testng.SuiteRunner.runSequentially(SuiteRunner.java:431)\r\n\tat org.testng.SuiteRunner.privateRun(SuiteRunner.java:391)\r\n\tat org.testng.SuiteRunner.run(SuiteRunner.java:330)\r\n\tat org.testng.SuiteRunnerWorker.runSuite(SuiteRunnerWorker.java:52)\r\n\tat org.testng.SuiteRunnerWorker.run(SuiteRunnerWorker.java:95)\r\n\tat org.testng.TestNG.runSuitesSequentially(TestNG.java:1256)\r\n\tat org.testng.TestNG.runSuitesLocally(TestNG.java:1176)\r\n\tat org.testng.TestNG.runSuites(TestNG.java:1099)\r\n\tat org.testng.TestNG.run(TestNG.java:1067)\r\n\tat com.intellij.rt.testng.IDEARemoteTestNG.run(IDEARemoteTestNG.java:66)\r\n\tat com.intellij.rt.testng.RemoteTestNGStarter.main(RemoteTestNGStarter.java:109)\r\n"},"stage":"finished","description":"Add visit Hotel","steps":[{"name":"Test Step for Search Player ID","status":"passed","stage":"finished","steps":[],"attachments":[],"parameters":[{"name":"playerId","value":"703039411"}],"start":1681928369014,"stop":1681928397834},{"name":"Visit Appeasement","status":"passed","stage":"finished","steps":[],"attachments":[],"parameters":[],"start":1681928397834,"stop":1681928414715},{"name":"Visit Appeasement History","status":"passed","stage":"finished","steps":[],"attachments":[],"parameters":[],"start":1681928414715,"stop":1681928452206},{"name":"View Appeasement History","status":"failed","statusDetails":{"known":false,"muted":false,"flaky":false,"message":"expected [Locations Visited (Lifetime) : 1] but found [Locations Visited (Lifetime) : 2]","trace":"java.lang.AssertionError: expected [Locations Visited (Lifetime) : 1] but found [Locations Visited (Lifetime) : 2]\r\n\tat org.testng.Assert.fail(Assert.java:110)\r\n\tat org.testng.Assert.failNotEquals(Assert.java:1577)\r\n\tat org.testng.Assert.assertEqualsImpl(Assert.java:149)\r\n\tat org.testng.Assert.assertEquals(Assert.java:131)\r\n\tat org.testng.Assert.assertEquals(Assert.java:655)\r\n\tat org.testng.Assert.assertEquals(Assert.java:665)\r\n\tat com.gct.testSteps.VisitAppeasementTestSteps.ViewAppeasementHistory(VisitAppeasementTestSteps.java:144)\r\n\tat testCases.VisitAppeasement.UH16788TestCase.UH16788(UH16788TestCase.java:21)\r\n\tat java.base/jdk.internal.reflect.DirectMethodHandleAccessor.invoke(DirectMethodHandleAccessor.java:104)\r\n\tat java.base/java.lang.reflect.Method.invoke(Method.java:578)\r\n\tat org.testng.internal.invokers.MethodInvocationHelper.invokeMethod(MethodInvocationHelper.java:139)\r\n\tat org.testng.internal.invokers.TestInvoker.invokeMethod(TestInvoker.java:677)\r\n\tat org.testng.internal.invokers.TestInvoker.invokeTestMethod(TestInvoker.java:221)\r\n\tat org.testng.internal.invokers.MethodRunner.runInSequence(MethodRunner.java:50)\r\n\tat org.testng.internal.invokers.TestInvoker$MethodInvocationAgent.invoke(TestInvoker.java:969)\r\n\tat org.testng.internal.invokers.TestInvoker.invokeTestMethods(TestInvoker.java:194)\r\n\tat org.testng.internal.invokers.TestMethodWorker.invokeTestMethods(TestMethodWorker.java:148)\r\n\tat org.testng.internal.invokers.TestMethodWorker.run(TestMethodWorker.java:128)\r\n\tat java.base/java.util.ArrayList.forEach(ArrayList.java:1511)\r\n\tat org.testng.TestRunner.privateRun(TestRunner.java:829)\r\n\tat org.testng.TestRunner.run(TestRunner.java:602)\r\n\tat org.testng.SuiteRunner.runTest(SuiteRunner.java:437)\r\n\tat org.testng.SuiteRunner.runSequentially(SuiteRunner.java:431)\r\n\tat org.testng.SuiteRunner.privateRun(SuiteRunner.java:391)\r\n\tat org.testng.SuiteRunner.run(SuiteRunner.java:330)\r\n\tat org.testng.SuiteRunnerWorker.runSuite(SuiteRunnerWorker.java:52)\r\n\tat org.testng.SuiteRunnerWorker.run(SuiteRunnerWorker.java:95)\r\n\tat org.testng.TestNG.runSuitesSequentially(TestNG.java:1256)\r\n\tat org.testng.TestNG.runSuitesLocally(TestNG.java:1176)\r\n\tat org.testng.TestNG.runSuites(TestNG.java:1099)\r\n\tat org.testng.TestNG.run(TestNG.java:1067)\r\n\tat com.intellij.rt.testng.IDEARemoteTestNG.run(IDEARemoteTestNG.java:66)\r\n\tat com.intellij.rt.testng.RemoteTestNGStarter.main(RemoteTestNGStarter.java:109)\r\n"},"stage":"finished","steps":[],"attachments":[],"parameters":[],"start":1681928452206,"stop":1681928459505}],"attachments":[],"parameters":[{"name":"arg0","value":"703039411"}],"start":1681928369013,"stop":1681928459505,"uuid":"5f7747c4-2cf0-4052-95dd-8bbb8454b5b3","historyId":"ad1427dd4324d05cd0f50cd3cfd42845","fullName":"testCases.VisitAppeasement.UH16788TestCase.UH16788","labels":[{"name":"package","value":"testCases.VisitAppeasement.UH16788TestCase"},{"name":"testClass","value":"testCases.VisitAppeasement.UH16788TestCase"},{"name":"testMethod","value":"UH16788"},{"name":"parentSuite","value":"Default Suite"},{"name":"suite","value":"Halo_Regression"},{"name":"subSuite","value":"testCases.VisitAppeasement.UH16788TestCase"},{"name":"host","value":"LAPTOP-M5K18UOK"},{"name":"thread","value":"14924@LAPTOP-M5K18UOK.main(1)"},{"name":"framework","value":"testng"},{"name":"language","value":"java"}],"links":[]}